c:\users\gennaroschiano\documents\github\glslviewer\bin\x64\release\glfw.pdb
c:\users\gennaroschiano\documents\github\glslviewer\obj\x64\release\glfw\window.obj
c:\users\gennaroschiano\documents\github\glslviewer\obj\x64\release\glfw\win32_window.obj
c:\users\gennaroschiano\documents\github\glslviewer\obj\x64\release\glfw\win32_time.obj
c:\users\gennaroschiano\documents\github\glslviewer\obj\x64\release\glfw\win32_thread.obj
c:\users\gennaroschiano\documents\github\glslviewer\obj\x64\release\glfw\win32_monitor.obj
c:\users\gennaroschiano\documents\github\glslviewer\obj\x64\release\glfw\win32_joystick.obj
c:\users\gennaroschiano\documents\github\glslviewer\obj\x64\release\glfw\win32_init.obj
c:\users\gennaroschiano\documents\github\glslviewer\obj\x64\release\glfw\wgl_context.obj
c:\users\gennaroschiano\documents\github\glslviewer\obj\x64\release\glfw\vulkan.obj
c:\users\gennaroschiano\documents\github\glslviewer\obj\x64\release\glfw\osmesa_context.obj
c:\users\gennaroschiano\documents\github\glslviewer\obj\x64\release\glfw\monitor.obj
c:\users\gennaroschiano\documents\github\glslviewer\obj\x64\release\glfw\input.obj
c:\users\gennaroschiano\documents\github\glslviewer\obj\x64\release\glfw\init.obj
c:\users\gennaroschiano\documents\github\glslviewer\obj\x64\release\glfw\egl_context.obj
c:\users\gennaroschiano\documents\github\glslviewer\obj\x64\release\glfw\context.obj
c:\users\gennaroschiano\documents\github\glslviewer\bin\x64\release\glfw.lib
c:\users\gennaroschiano\documents\github\glslviewer\obj\x64\release\glfw\glfw.tlog\cl.command.1.tlog
c:\users\gennaroschiano\documents\github\glslviewer\obj\x64\release\glfw\glfw.tlog\cl.read.1.tlog
c:\users\gennaroschiano\documents\github\glslviewer\obj\x64\release\glfw\glfw.tlog\cl.write.1.tlog
c:\users\gennaroschiano\documents\github\glslviewer\obj\x64\release\glfw\glfw.tlog\lib-link.read.1.tlog
c:\users\gennaroschiano\documents\github\glslviewer\obj\x64\release\glfw\glfw.tlog\lib-link.write.1.tlog
c:\users\gennaroschiano\documents\github\glslviewer\obj\x64\release\glfw\glfw.tlog\lib.command.1.tlog
