  IpEndpointName.cpp
C:\Users\GennaroSchiano\Documents\GitHub\glslViewer\include\oscpack\ip\IpEndpointName.cpp(53,8): warning C4996: 'sprintf': This function or variable may be unsafe. Consider using sprintf_s instead. To disable deprecation, use _CRT_SECURE_NO_WARNINGS. See online help for details.
C:\Users\GennaroSchiano\Documents\GitHub\glslViewer\include\oscpack\ip\IpEndpointName.cpp(55,8): warning C4996: 'sprintf': This function or variable may be unsafe. Consider using sprintf_s instead. To disable deprecation, use _CRT_SECURE_NO_WARNINGS. See online help for details.
C:\Users\GennaroSchiano\Documents\GitHub\glslViewer\include\oscpack\ip\IpEndpointName.cpp(68,9): warning C4996: 'sprintf': This function or variable may be unsafe. Consider using sprintf_s instead. To disable deprecation, use _CRT_SECURE_NO_WARNINGS. See online help for details.
C:\Users\GennaroSchiano\Documents\GitHub\glslViewer\include\oscpack\ip\IpEndpointName.cpp(70,9): warning C4996: 'sprintf': This function or variable may be unsafe. Consider using sprintf_s instead. To disable deprecation, use _CRT_SECURE_NO_WARNINGS. See online help for details.
C:\Users\GennaroSchiano\Documents\GitHub\glslViewer\include\oscpack\ip\IpEndpointName.cpp(78,9): warning C4996: 'sprintf': This function or variable may be unsafe. Consider using sprintf_s instead. To disable deprecation, use _CRT_SECURE_NO_WARNINGS. See online help for details.
C:\Users\GennaroSchiano\Documents\GitHub\glslViewer\include\oscpack\ip\IpEndpointName.cpp(80,9): warning C4996: 'sprintf': This function or variable may be unsafe. Consider using sprintf_s instead. To disable deprecation, use _CRT_SECURE_NO_WARNINGS. See online help for details.
  NetworkingUtils.cpp
C:\Users\GennaroSchiano\Documents\GitHub\glslViewer\include\oscpack\ip\win32\NetworkingUtils.cpp(87,25): warning C4996: 'gethostbyname': Use getaddrinfo() or GetAddrInfoW() instead or define _WINSOCK_DEPRECATED_NO_WARNINGS to disable deprecated API warnings
  UdpSocket.cpp
  OscOutboundPacketStream.cpp
C:\Users\GennaroSchiano\Documents\GitHub\glslViewer\include\oscpack\osc\OscOutboundPacketStream.cpp(363,10): warning C4996: 'strcpy': This function or variable may be unsafe. Consider using strcpy_s instead. To disable deprecation, use _CRT_SECURE_NO_WARNINGS. See online help for details.
C:\Users\GennaroSchiano\Documents\GitHub\glslViewer\include\oscpack\osc\OscOutboundPacketStream.cpp(605,10): warning C4996: 'strcpy': This function or variable may be unsafe. Consider using strcpy_s instead. To disable deprecation, use _CRT_SECURE_NO_WARNINGS. See online help for details.
C:\Users\GennaroSchiano\Documents\GitHub\glslViewer\include\oscpack\osc\OscOutboundPacketStream.cpp(625,10): warning C4996: 'strcpy': This function or variable may be unsafe. Consider using strcpy_s instead. To disable deprecation, use _CRT_SECURE_NO_WARNINGS. See online help for details.
  OscPrintReceivedElements.cpp
C:\Users\GennaroSchiano\Documents\GitHub\glslViewer\include\oscpack\osc\OscPrintReceivedElements.cpp(129,47): warning C4996: 'ctime': This function or variable may be unsafe. Consider using ctime_s instead. To disable deprecation, use _CRT_SECURE_NO_WARNINGS. See online help for details.
  OscReceivedElements.cpp
  OscTypes.cpp
  Generating Code...
  oscpack.vcxproj -> C:\Users\GennaroSchiano\Documents\GitHub\glslViewer\bin\x32\Debug\oscpack.lib
